<?xml version="1.0" encoding="UTF-8"?>
<!-- Generated by org.testng.reporters.JUnitXMLReporter -->
<testsuite ignored="0" hostname="Santhosh" failures="0" tests="0" name="Test" time="0.256" errors="0" timestamp="2025-01-10T13:55:45 CST">
  <testcase classname="runner.TestRunner" name="@BeforeClass setUp" time="0.08">
    <failure type="java.lang.NullPointerException" message="Cannot invoke &amp;quot;org.w3c.dom.Node.getChildNodes()&amp;quot; because the return value of &amp;quot;org.w3c.dom.NodeList.item(int)&amp;quot; is null">
      <![CDATA[java.lang.NullPointerException: Cannot invoke "org.w3c.dom.Node.getChildNodes()" because the return value of "org.w3c.dom.NodeList.item(int)" is null
at com.aventstack.extentreports.config.external.XmlConfigLoader.getConfigStore(XmlConfigLoader.java:64)
at com.aventstack.extentreports.config.external.XmlConfigLoader.apply(XmlConfigLoader.java:46)
at com.aventstack.extentreports.reporter.ExtentSparkReporter.loadXMLConfig(ExtentSparkReporter.java:96)
at com.aventstack.extentreports.reporter.ExtentSparkReporter.loadXMLConfig(ExtentSparkReporter.java:101)
at runner.TestRunner.setUp(TestRunner.java:48)
at java.base/java.util.ArrayList.forEach(ArrayList.java:1511)
... Removed 25 stack frames]]>
    </failure>
  </testcase> <!-- @BeforeClass setUp -->
  <testcase classname="runner.TestRunner" name="@AfterClass tearDown" time="0.0">
    <skipped/>
  </testcase> <!-- @AfterClass tearDown -->
</testsuite> <!-- Test -->
