<?xml version="1.0" encoding="UTF-8"?>
<testng-results ignored="0" total="2" passed="2" failed="0" skipped="0">
  <reporter-output>
  </reporter-output>
  <suite started-at="2025-02-06T17:26:06 CST" name="Surefire suite" finished-at="2025-02-06T17:26:37 CST" duration-ms="30986">
    <groups>
      <group name="cucumber">
        <method signature="AbstractTestNGCucumberTests.runScenario(io.cucumber.testng.PickleWrapper,io.cucumber.testng.FeatureWrapper)[pri:0, instance:runner.TestRunner@53aac487]" name="runScenario" class="io.cucumber.testng.AbstractTestNGCucumberTests"/>
      </group> <!-- cucumber -->
    </groups>
    <test started-at="2025-02-06T17:26:06 CST" name="Surefire test" finished-at="2025-02-06T17:26:37 CST" duration-ms="30986">
      <class name="runner.TestRunner">
        <test-method is-config="true" signature="setUpClass(org.testng.ITestContext)[pri:0, instance:runner.TestRunner@53aac487]" started-at="2025-02-06T17:26:06 CST" name="setUpClass" finished-at="2025-02-06T17:26:14 CST" duration-ms="8172" status="PASS">
          <params>
            <param index="0">
              <value>
                <![CDATA[org.testng.TestRunner@3bc891f2]]>
              </value>
            </param>
          </params>
          <reporter-output>
          </reporter-output>
        </test-method> <!-- setUpClass -->
        <test-method is-config="true" signature="setUp()[pri:0, instance:runner.TestRunner@53aac487]" started-at="2025-02-06T17:26:14 CST" name="setUp" finished-at="2025-02-06T17:26:15 CST" duration-ms="185" status="PASS">
          <reporter-output>
          </reporter-output>
        </test-method> <!-- setUp -->
        <test-method signature="runScenario(io.cucumber.testng.PickleWrapper,io.cucumber.testng.FeatureWrapper)[pri:0, instance:runner.TestRunner@53aac487]" started-at="2025-02-06T17:26:15 CST" name="runScenario" description="Runs Cucumber Scenarios" data-provider="scenarios" finished-at="2025-02-06T17:26:25 CST" duration-ms="10447" status="PASS">
          <params>
            <param index="0">
              <value>
                <![CDATA["LoginErrorMessage_TC01"]]>
              </value>
            </param>
            <param index="1">
              <value>
                <![CDATA["Login feature"]]>
              </value>
            </param>
          </params>
          <reporter-output>
          </reporter-output>
        </test-method> <!-- runScenario -->
        <test-method signature="runScenario(io.cucumber.testng.PickleWrapper,io.cucumber.testng.FeatureWrapper)[pri:0, instance:runner.TestRunner@53aac487]" started-at="2025-02-06T17:26:25 CST" name="runScenario" description="Runs Cucumber Scenarios" data-provider="scenarios" finished-at="2025-02-06T17:26:34 CST" duration-ms="8754" status="PASS">
          <params>
            <param index="0">
              <value>
                <![CDATA["SuccessfullLogin"]]>
              </value>
            </param>
            <param index="1">
              <value>
                <![CDATA["Login feature"]]>
              </value>
            </param>
          </params>
          <reporter-output>
          </reporter-output>
        </test-method> <!-- runScenario -->
        <test-method is-config="true" signature="tearDown()[pri:0, instance:runner.TestRunner@53aac487]" started-at="2025-02-06T17:26:34 CST" name="tearDown" finished-at="2025-02-06T17:26:34 CST" duration-ms="513" status="PASS">
          <reporter-output>
          </reporter-output>
        </test-method> <!-- tearDown -->
        <test-method is-config="true" signature="tearDownClass()[pri:0, instance:runner.TestRunner@53aac487]" started-at="2025-02-06T17:26:34 CST" name="tearDownClass" finished-at="2025-02-06T17:26:37 CST" duration-ms="2875" status="PASS">
          <reporter-output>
          </reporter-output>
        </test-method> <!-- tearDownClass -->
      </class> <!-- runner.TestRunner -->
    </test> <!-- Surefire test -->
  </suite> <!-- Surefire suite -->
</testng-results>
