<?xml version="1.0" encoding="UTF-8"?>
<testng-results ignored="0" total="4" passed="4" failed="0" skipped="0">
  <reporter-output>
  </reporter-output>
  <suite started-at="2025-02-03T16:43:19 CST" name="Default suite" finished-at="2025-02-03T16:43:38 CST" duration-ms="18365">
    <groups>
      <group name="cucumber">
        <method signature="AbstractTestNGCucumberTests.runScenario(io.cucumber.testng.PickleWrapper,io.cucumber.testng.FeatureWrapper)[pri:0, instance:runner.TestRunner@d554c5f]" name="runScenario" class="io.cucumber.testng.AbstractTestNGCucumberTests"/>
      </group> <!-- cucumber -->
    </groups>
    <test started-at="2025-02-03T16:43:19 CST" name="Default test" finished-at="2025-02-03T16:43:38 CST" duration-ms="18365">
      <class name="runner.TestRunner">
        <test-method is-config="true" signature="setUpClass(org.testng.ITestContext)[pri:0, instance:runner.TestRunner@d554c5f]" started-at="2025-02-03T16:43:19 CST" name="setUpClass" finished-at="2025-02-03T16:43:25 CST" duration-ms="5354" status="PASS">
          <params>
            <param index="0">
              <value>
                <![CDATA[org.testng.TestRunner@77d959f1]]>
              </value>
            </param>
          </params>
          <reporter-output>
          </reporter-output>
        </test-method> <!-- setUpClass -->
        <test-method is-config="true" signature="setUp()[pri:0, instance:runner.TestRunner@d554c5f]" started-at="2025-02-03T16:43:25 CST" name="setUp" finished-at="2025-02-03T16:43:25 CST" duration-ms="94" status="PASS">
          <reporter-output>
          </reporter-output>
        </test-method> <!-- setUp -->
        <test-method signature="runScenario(io.cucumber.testng.PickleWrapper,io.cucumber.testng.FeatureWrapper)[pri:0, instance:runner.TestRunner@d554c5f]" started-at="2025-02-03T16:43:25 CST" name="runScenario" description="Runs Cucumber Scenarios" data-provider="scenarios" finished-at="2025-02-03T16:43:28 CST" duration-ms="3124" status="PASS">
          <params>
            <param index="0">
              <value>
                <![CDATA["Test Different Login Details"]]>
              </value>
            </param>
            <param index="1">
              <value>
                <![CDATA["Test Login With Different TestData"]]>
              </value>
            </param>
          </params>
          <reporter-output>
          </reporter-output>
        </test-method> <!-- runScenario -->
        <test-method signature="runScenario(io.cucumber.testng.PickleWrapper,io.cucumber.testng.FeatureWrapper)[pri:0, instance:runner.TestRunner@d554c5f]" started-at="2025-02-03T16:43:28 CST" name="runScenario" description="Runs Cucumber Scenarios" data-provider="scenarios" finished-at="2025-02-03T16:43:29 CST" duration-ms="1258" status="PASS">
          <params>
            <param index="0">
              <value>
                <![CDATA["Test Different Login Details"]]>
              </value>
            </param>
            <param index="1">
              <value>
                <![CDATA["Test Login With Different TestData"]]>
              </value>
            </param>
          </params>
          <reporter-output>
          </reporter-output>
        </test-method> <!-- runScenario -->
        <test-method signature="runScenario(io.cucumber.testng.PickleWrapper,io.cucumber.testng.FeatureWrapper)[pri:0, instance:runner.TestRunner@d554c5f]" started-at="2025-02-03T16:43:29 CST" name="runScenario" description="Runs Cucumber Scenarios" data-provider="scenarios" finished-at="2025-02-03T16:43:32 CST" duration-ms="2679" status="PASS">
          <params>
            <param index="0">
              <value>
                <![CDATA["LoginErrorMessage_TC01"]]>
              </value>
            </param>
            <param index="1">
              <value>
                <![CDATA["Login feature"]]>
              </value>
            </param>
          </params>
          <reporter-output>
          </reporter-output>
        </test-method> <!-- runScenario -->
        <test-method signature="runScenario(io.cucumber.testng.PickleWrapper,io.cucumber.testng.FeatureWrapper)[pri:0, instance:runner.TestRunner@d554c5f]" started-at="2025-02-03T16:43:32 CST" name="runScenario" description="Runs Cucumber Scenarios" data-provider="scenarios" finished-at="2025-02-03T16:43:34 CST" duration-ms="1895" status="PASS">
          <params>
            <param index="0">
              <value>
                <![CDATA["SuccessfullLogin"]]>
              </value>
            </param>
            <param index="1">
              <value>
                <![CDATA["Login feature"]]>
              </value>
            </param>
          </params>
          <reporter-output>
          </reporter-output>
        </test-method> <!-- runScenario -->
        <test-method is-config="true" signature="tearDown()[pri:0, instance:runner.TestRunner@d554c5f]" started-at="2025-02-03T16:43:34 CST" name="tearDown" finished-at="2025-02-03T16:43:34 CST" duration-ms="703" status="PASS">
          <reporter-output>
          </reporter-output>
        </test-method> <!-- tearDown -->
        <test-method is-config="true" signature="tearDownClass()[pri:0, instance:runner.TestRunner@d554c5f]" started-at="2025-02-03T16:43:34 CST" name="tearDownClass" finished-at="2025-02-03T16:43:38 CST" duration-ms="3207" status="PASS">
          <reporter-output>
          </reporter-output>
        </test-method> <!-- tearDownClass -->
      </class> <!-- runner.TestRunner -->
    </test> <!-- Default test -->
  </suite> <!-- Default suite -->
</testng-results>
