<?xml version="1.0" encoding="UTF-8"?>
<!-- Generated by org.testng.reporters.JUnitReportReporter -->
<testsuite hostname="Santhosh" failures="0" tests="4" name="runner.TestRunner" time="8.956" errors="0" timestamp="2025-02-03T16:43:38 CST" skipped="0">
  <testcase classname="runner.TestRunner" name="runScenario" time="1.258"/>
  <testcase classname="runner.TestRunner" name="runScenario" time="2.679"/>
  <testcase classname="runner.TestRunner" name="runScenario" time="3.124"/>
  <testcase classname="runner.TestRunner" name="runScenario" time="1.895"/>
</testsuite> <!-- runner.TestRunner -->
