<?xml version="1.0" encoding="UTF-8"?>
<!-- Generated by org.testng.reporters.JUnitReportReporter -->
<testsuite hostname="Santhosh" failures="0" tests="4" name="runner.TestRunner" time="12.578" errors="0" timestamp="2025-02-03T21:55:47 CST" skipped="0">
  <testcase classname="runner.TestRunner" name="runScenario" time="5.466"/>
  <testcase classname="runner.TestRunner" name="runScenario" time="3.678"/>
  <testcase classname="runner.TestRunner" name="runScenario" time="2.000"/>
  <testcase classname="runner.TestRunner" name="runScenario" time="1.434"/>
</testsuite> <!-- runner.TestRunner -->
